This is XeTeX, Version 3.1415926-2.5-0.9999.3 (TeX Live 2013) (format=xelatex 2013.12.30)  31 JUL 2015 12:05
entering extended mode
 restricted \write18 enabled.
 %&-line parsing enabled.
**Intento3.tex
(./Intento3.tex
LaTeX2e <2011/06/27>
Babel <3.9f> and hyphenation patterns for 78 languages loaded.
(./svjour.cls
Document Class: svjour 1999/09/14 
LaTeX document class for Springer journals - version 1.8
(./svepj.clo
File: svepj.clo 1997/11/12 v1.1 style option for The European Physical Journal

SVJour Class option: svepj.clo for The European Physical Journal
)

Class Springer-SVJour Warning: Specified option or subpackage "onecolumn" not f
ound - on input line 92.

LaTeX Font Info:    Redeclaring math symbol \Gamma on input line 99.
LaTeX Font Info:    Redeclaring math symbol \Delta on input line 100.
LaTeX Font Info:    Redeclaring math symbol \Theta on input line 101.
LaTeX Font Info:    Redeclaring math symbol \Lambda on input line 102.
LaTeX Font Info:    Redeclaring math symbol \Xi on input line 103.
LaTeX Font Info:    Redeclaring math symbol \Pi on input line 104.
LaTeX Font Info:    Redeclaring math symbol \Sigma on input line 105.
LaTeX Font Info:    Redeclaring math symbol \Upsilon on input line 106.
LaTeX Font Info:    Redeclaring math symbol \Phi on input line 107.
LaTeX Font Info:    Redeclaring math symbol \Psi on input line 108.
LaTeX Font Info:    Redeclaring math symbol \Omega on input line 109.
\logodepth=\dimen102
\headerboxheight=\dimen103
\betweenumberspace=\dimen104
\aftertext=\dimen105
\headlineindent=\dimen106
\c@inst=\count80
\c@auth=\count81
\instindent=\dimen107
\authrun=\box26
\authorrunning=\toks14
\titrun=\box27
\titlerunning=\toks15
\combirun=\box28
\c@lastpage=\count82
\c@section=\count83
\c@subsection=\count84
\c@subsubsection=\count85
\c@paragraph=\count86
\c@subparagraph=\count87
\spthmsep=\dimen108
\c@theorem=\count88
\c@case=\count89
\c@conjecture=\count90
\c@corollary=\count91
\c@definition=\count92
\c@example=\count93
\c@exercise=\count94
\c@lemma=\count95
\c@note=\count96
\c@problem=\count97
\c@property=\count98
\c@proposition=\count99
\c@question=\count100
\c@solution=\count101
\c@remark=\count102
\c@figure=\count103
\c@table=\count104
\abovecaptionskip=\skip41
\belowcaptionskip=\skip42
\figcapgap=\dimen109
\tabcapgap=\dimen110
\figgap=\dimen111
\bibindent=\dimen112
\@tempcntc=\count105
) (./catedrayperiodo.tex) (./paquetes.tex
(/usr/local/texlive/2013/texmf-dist/tex/latex/graphics/graphics.sty
Package: graphics 2009/02/05 v1.0o Standard LaTeX Graphics (DPC,SPQR)

(/usr/local/texlive/2013/texmf-dist/tex/latex/graphics/trig.sty
Package: trig 1999/03/16 v1.09 sin cos tan (DPC)
)
(/usr/local/texlive/2013/texmf-dist/tex/latex/latexconfig/graphics.cfg
File: graphics.cfg 2010/04/23 v1.9 graphics configuration of TeX Live
)
Package graphics Info: Driver file: xetex.def on input line 91.

(/usr/local/texlive/2013/texmf-dist/tex/xelatex/xetex-def/xetex.def
File: xetex.def 2013/04/29 v0.96 LaTeX color/graphics driver for XeTeX (RRM/JK)

))
(/usr/local/texlive/2013/texmf-dist/tex/latex/amsmath/amsmath.sty
Package: amsmath 2013/01/14 v2.14 AMS math features
\@mathmargin=\skip43

For additional information on amsmath, use the `?' option.
(/usr/local/texlive/2013/texmf-dist/tex/latex/amsmath/amstext.sty
Package: amstext 2000/06/29 v2.01

(/usr/local/texlive/2013/texmf-dist/tex/latex/amsmath/amsgen.sty
File: amsgen.sty 1999/11/30 v2.0
\@emptytoks=\toks16
\ex@=\dimen113
))
(/usr/local/texlive/2013/texmf-dist/tex/latex/amsmath/amsbsy.sty
Package: amsbsy 1999/11/29 v1.2d
\pmbraise@=\dimen114
)
(/usr/local/texlive/2013/texmf-dist/tex/latex/amsmath/amsopn.sty
Package: amsopn 1999/12/14 v2.01 operator names
)
\inf@bad=\count106
LaTeX Info: Redefining \frac on input line 210.
\uproot@=\count107
\leftroot@=\count108
LaTeX Info: Redefining \overline on input line 306.
\classnum@=\count109
\DOTSCASE@=\count110
LaTeX Info: Redefining \ldots on input line 378.
LaTeX Info: Redefining \dots on input line 381.
LaTeX Info: Redefining \cdots on input line 466.
\Mathstrutbox@=\box29
\strutbox@=\box30
\big@size=\dimen115
LaTeX Font Info:    Redeclaring font encoding OML on input line 566.
LaTeX Font Info:    Redeclaring font encoding OMS on input line 567.


Package amsmath Warning: Unable to redefine math accent \vec.

\macc@depth=\count111
\c@MaxMatrixCols=\count112
\dotsspace@=\muskip10
\c@parentequation=\count113
\dspbrk@lvl=\count114
\tag@help=\toks17
\row@=\count115
\column@=\count116
\maxfields@=\count117
\andhelp@=\toks18
\eqnshift@=\dimen116
\alignsep@=\dimen117
\tagshift@=\dimen118
\tagwidth@=\dimen119
\totwidth@=\dimen120
\lineht@=\dimen121
\@envbody=\toks19
\multlinegap=\skip44
\multlinetaggap=\skip45
\mathdisplay@stack=\toks20
LaTeX Info: Redefining \[ on input line 2665.
LaTeX Info: Redefining \] on input line 2666.
) (/usr/local/texlive/2013/texmf-dist/tex/latex/amsfonts/amsfonts.sty
Package: amsfonts 2013/01/14 v3.01 Basic AMSFonts support
\symAMSa=\mathgroup4
\symAMSb=\mathgroup5
LaTeX Font Info:    Overwriting math alphabet `\mathfrak' in version `bold'
(Font)                  U/euf/m/n --> U/euf/b/n on input line 106.
)
(/usr/local/texlive/2013/texmf-dist/tex/latex/graphics/graphicx.sty
Package: graphicx 1999/02/16 v1.0f Enhanced LaTeX Graphics (DPC,SPQR)

(/usr/local/texlive/2013/texmf-dist/tex/latex/graphics/keyval.sty
Package: keyval 1999/03/16 v1.13 key=value parser (DPC)
\KV@toks@=\toks21
)
\Gin@req@height=\dimen122
\Gin@req@width=\dimen123
)
(/usr/local/texlive/2013/texmf-dist/tex/latex/float/float.sty
Package: float 2001/11/08 v1.3d Float enhancements (AL)
\c@float@type=\count118
\float@exts=\toks22
\float@box=\box31
\@float@everytoks=\toks23
\@floatcapt=\box32
)
(/usr/local/texlive/2013/texmf-dist/tex/latex/wrapfig/wrapfig.sty
\wrapoverhang=\dimen124
\WF@size=\dimen125
\c@WF@wrappedlines=\count119
\WF@box=\box33
\WF@everypar=\toks24
Package: wrapfig 2003/01/31  v 3.6
)
(/usr/local/texlive/2013/texmf-dist/tex/latex/subfigure/subfigure.sty
Package: subfigure 2002/03/15 v2.1.5 subfigure package
\subfigtopskip=\skip46
\subfigcapskip=\skip47
\subfigcaptopadj=\dimen126
\subfigbottomskip=\skip48
\subfigcapmargin=\dimen127
\subfiglabelskip=\skip49
\c@subfigure=\count120
\c@lofdepth=\count121
\c@subtable=\count122
\c@lotdepth=\count123

****************************************
* Local config file subfigure.cfg used *
****************************************
(/usr/local/texlive/2013/texmf-dist/tex/latex/subfigure/subfigure.cfg)
\subfig@top=\skip50
\subfig@bottom=\skip51
)
(/usr/local/texlive/2013/texmf-dist/tex/latex/tools/bm.sty
Package: bm 2004/02/26 v1.1c Bold Symbol Support (DPC/FMi)
\symboldoperators=\mathgroup6
\symboldletters=\mathgroup7
\symboldsymbols=\mathgroup8
LaTeX Font Info:    Redeclaring math alphabet \mathbf on input line 138.
LaTeX Info: Redefining \bm on input line 204.
)
(/usr/local/texlive/2013/texmf-dist/tex/latex/oberdiek/grffile.sty
Package: grffile 2012/04/05 v1.16 Extended file name support for graphics (HO)

(/usr/local/texlive/2013/texmf-dist/tex/generic/oberdiek/ifpdf.sty
Package: ifpdf 2011/01/30 v2.3 Provides the ifpdf switch (HO)
Package ifpdf Info: pdfTeX in PDF mode is not detected.
)
(/usr/local/texlive/2013/texmf-dist/tex/generic/ifxetex/ifxetex.sty
Package: ifxetex 2010/09/12 v0.6 Provides ifxetex conditional
)
(/usr/local/texlive/2013/texmf-dist/tex/latex/oberdiek/kvoptions.sty
Package: kvoptions 2011/06/30 v3.11 Key value format for package options (HO)

(/usr/local/texlive/2013/texmf-dist/tex/generic/oberdiek/ltxcmds.sty
Package: ltxcmds 2011/11/09 v1.22 LaTeX kernel commands for general use (HO)
)
(/usr/local/texlive/2013/texmf-dist/tex/generic/oberdiek/kvsetkeys.sty
Package: kvsetkeys 2012/04/25 v1.16 Key value parser (HO)

(/usr/local/texlive/2013/texmf-dist/tex/generic/oberdiek/infwarerr.sty
Package: infwarerr 2010/04/08 v1.3 Providing info/warning/error messages (HO)
)
(/usr/local/texlive/2013/texmf-dist/tex/generic/oberdiek/etexcmds.sty
Package: etexcmds 2011/02/16 v1.5 Avoid name clashes with e-TeX commands (HO)

(/usr/local/texlive/2013/texmf-dist/tex/generic/oberdiek/ifluatex.sty
Package: ifluatex 2010/03/01 v1.3 Provides the ifluatex switch (HO)
Package ifluatex Info: LuaTeX not detected.
)
Package etexcmds Info: Could not find \expanded.
(etexcmds)             That can mean that you are not using pdfTeX 1.50 or
(etexcmds)             that some package has redefined \expanded.
(etexcmds)             In the latter case, load this package earlier.
)))
(/usr/local/texlive/2013/texmf-dist/tex/generic/oberdiek/pdftexcmds.sty
Package: pdftexcmds 2011/11/29 v0.20 Utility functions of pdfTeX for LuaTeX (HO
)
Package pdftexcmds Info: LuaTeX not detected.
Package pdftexcmds Info: pdfTeX >= 1.30 not detected.
Package pdftexcmds Info: \pdf@primitive is available.
Package pdftexcmds Info: \pdf@ifprimitive is available.
Package pdftexcmds Info: \pdfdraftmode not found.
)
Package grffile Info: \Gread@QTm patched on input line 253.
Package grffile Info: \Gread@eps patched on input line 303.
Package grffile Info: Option `multidot' is set to `true'.
Package grffile Info: Option `extendedchars' is set to `false'.
Package grffile Info: Option `space' is set to `true'.
Package grffile Info: \Gin@ii of package `graphicx' fixed on input line 486.
))
(/usr/local/texlive/2013/texmf-dist/tex/latex/graphics/color.sty
Package: color 2005/11/14 v1.0j Standard LaTeX Color (DPC)

(/usr/local/texlive/2013/texmf-dist/tex/latex/latexconfig/color.cfg
File: color.cfg 2007/01/18 v1.5 color configuration of teTeX/TeXLive
)
Package color Info: Driver file: xetex.def on input line 130.
)
(./estilo.tex) (./hyphenation_rules.tex)

LaTeX Warning: Unused global option(s):
    [onecolumn].

(./Intento3.aux)
\openout1 = `Intento3.aux'.

LaTeX Font Info:    Checking defaults for OML/cmm/m/it on input line 15.
LaTeX Font Info:    ... okay on input line 15.
LaTeX Font Info:    Checking defaults for T1/cmr/m/n on input line 15.
LaTeX Font Info:    ... okay on input line 15.
LaTeX Font Info:    Checking defaults for OT1/cmr/m/n on input line 15.
LaTeX Font Info:    ... okay on input line 15.
LaTeX Font Info:    Checking defaults for OMS/cmsy/m/n on input line 15.
LaTeX Font Info:    ... okay on input line 15.
LaTeX Font Info:    Checking defaults for OMX/cmex/m/n on input line 15.
LaTeX Font Info:    ... okay on input line 15.
LaTeX Font Info:    Checking defaults for U/cmr/m/n on input line 15.
LaTeX Font Info:    ... okay on input line 15.
LaTeX Font Info:    Try loading font information for U+msa on input line 22.
 (/usr/local/texlive/2013/texmf-dist/tex/latex/amsfonts/umsa.fd
File: umsa.fd 2013/01/14 v3.01 AMS symbols A
)
LaTeX Font Info:    Try loading font information for U+msb on input line 22.
 (/usr/local/texlive/2013/texmf-dist/tex/latex/amsfonts/umsb.fd
File: umsb.fd 2013/01/14 v3.01 AMS symbols B
)
SVJour warning: Missing \PACS.

LaTeX Warning: Citation `Hussain86' on page 1 undefined on input line 30.


LaTeX Warning: Citation `Berkooz93' on page 1 undefined on input line 31.


LaTeX Warning: Citation `Smith05' on page 1 undefined on input line 32.


LaTeX Warning: Citation `Woods80' on page 1 undefined on input line 36.


LaTeX Warning: Citation `Nazarenko' on page 1 undefined on input line 37.


LaTeX Warning: Citation `Stewart69' on page 1 undefined on input line 39.


LaTeX Warning: Citation `Campagne15' on page 1 undefined on input line 49.


LaTeX Warning: Citation `Bewley07' on page 1 undefined on input line 55.


LaTeX Warning: Citation `Rieutord12' on page 1 undefined on input line 59.


LaTeX Warning: Citation `Servidio11' on page 1 undefined on input line 64.


LaTeX Warning: Citation `Favier10' on page 1 undefined on input line 65.


LaTeX Warning: Citation `Clark14a' on page 1 undefined on input line 65.


LaTeX Warning: Citation `Dasaro00' on page 1 undefined on input line 67.


LaTeX Warning: Citation `Dmitruk09' on page 1 undefined on input line 71.


LaTeX Warning: Citation `Lindborg07' on page 1 undefined on input line 71.


LaTeX Warning: Citation `Cobelli09' on page 1 undefined on input line 77.


LaTeX Warning: Citation `Clark14b' on page 1 undefined on input line 77.


LaTeX Warning: Citation `Cobelli09' on page 1 undefined on input line 78.


LaTeX Warning: Citation `Yarom14' on page 1 undefined on input line 79.


LaTeX Warning: Citation `Clark14a' on page 1 undefined on input line 79.


Underfull \vbox (badness 10000) has occurred while \output is active []

 [1


]

LaTeX Warning: Citation `Gomez05a' on page 2 undefined on input line 141.


LaTeX Warning: Citation `Gomez05b' on page 2 undefined on input line 141.


LaTeX Warning: Citation `Mininni11' on page 2 undefined on input line 141.


LaTeX Warning: Citation `Tennekes75' on page 2 undefined on input line 177.


LaTeX Warning: Citation `Chen89' on page 2 undefined on input line 177.


LaTeX Warning: Citation `Nelkin90' on page 2 undefined on input line 178.


LaTeX Warning: Citation `Sanada92' on page 2 undefined on input line 178.


LaTeX Warning: Citation `Newell69' on page 2 undefined on input line 202.


LaTeX Warning: Citation `Waleffe93' on page 2 undefined on input line 204.


LaTeX Warning: Citation `Cambon89' on page 2 undefined on input line 206.


LaTeX Warning: Citation `Cambon97' on page 2 undefined on input line 206.


LaTeX Warning: Citation `Cambon04' on page 2 undefined on input line 206.


LaTeX Warning: Citation `Clark14a' on page 2 undefined on input line 211.


LaTeX Warning: Reference `rotekw' on page 2 undefined on input line 216.


LaTeX Warning: Reference `rotekw' on page 2 undefined on input line 220.

[2]

! LaTeX Error: Environment parasabermas undefined.

See the LaTeX manual or LaTeX Companion for explanation.
Type  H <return>  for immediate help.
 ...                                              
                                                  
l.228 \begin{parasabermas}
                          
? x
 
Here is how much of TeX's memory you used:
 2485 strings out of 493938
 32321 string characters out of 6148856
 99809 words of memory out of 5000000
 5718 multiletter control sequences out of 15000+600000
 16387 words of font info for 60 fonts, out of 8000000 for 9000
 1152 hyphenation exceptions out of 8191
 38i,9n,28p,294b,224s stack positions out of 5000i,500n,10000p,200000b,80000s
Output written on Intento3.pdf (2 pages).
